# JRE version: OpenJDK Runtime Environment (8.0_242-b01) (build 1.8.0_242-release-1644-b01)
# Java VM: OpenJDK 64-Bit Server VM (25.242-b01 mixed mode windows-amd64 compressed oops)
Heap:
 PSYoungGen      total 444416K, used 363792K [0x00000000d5580000, 0x00000000f4b00000, 0x0000000100000000)
  eden space 404992K, 87% used [0x00000000d5580000,0x00000000eaf05260,0x00000000ee100000)
  from space 39424K, 25% used [0x00000000ee100000,0x00000000eeabeee0,0x00000000f0780000)
  to   space 38400K, 0% used [0x00000000f2580000,0x00000000f2580000,0x00000000f4b00000)
 ParOldGen       total 174080K, used 95131K [0x0000000080000000, 0x000000008aa00000, 0x00000000d5580000)
  object space 174080K, 54% used [0x0000000080000000,0x0000000085ce6e88,0x000000008aa00000)
 Metaspace       used 103577K, capacity 110256K, committed 110376K, reserved 1144832K
  class space    used 13649K, capacity 14867K, committed 14896K, reserved 1048576K
GC Heap History (10 events):
Event: 215.309 GC heap before
{Heap before GC invocations=21 (full 4):
 PSYoungGen      total 359424K, used 346977K [0x00000000d5580000, 0x00000000eeb80000, 0x0000000100000000)
  eden space 325632K, 100% used [0x00000000d5580000,0x00000000e9380000,0x00000000e9380000)
  from space 33792K, 63% used [0x00000000eca80000,0x00000000edf58558,0x00000000eeb80000)
  to   space 45056K, 0% used [0x00000000e9380000,0x00000000e9380000,0x00000000ebf80000)
 ParOldGen       total 174080K, used 95091K [0x0000000080000000, 0x000000008aa00000, 0x00000000d5580000)
  object space 174080K, 54% used [0x0000000080000000,0x0000000085cdce88,0x000000008aa00000)
 Metaspace       used 87821K, capacity 92074K, committed 92328K, reserved 1128448K
  class space    used 11838K, capacity 12710K, committed 12720K, reserved 1048576K
Event: 217.033 GC heap after
Heap after GC invocations=21 (full 4):
 PSYoungGen      total 370688K, used 14811K [0x00000000d5580000, 0x00000000f1a80000, 0x0000000100000000)
  eden space 325632K, 0% used [0x00000000d5580000,0x00000000d5580000,0x00000000e9380000)
  from space 45056K, 32% used [0x00000000e9380000,0x00000000ea1f6ed0,0x00000000ebf80000)
  to   space 42496K, 0% used [0x00000000ef100000,0x00000000ef100000,0x00000000f1a80000)
 ParOldGen       total 174080K, used 95099K [0x0000000080000000, 0x000000008aa00000, 0x00000000d5580000)
  object space 174080K, 54% used [0x0000000080000000,0x0000000085cdee88,0x000000008aa00000)
 Metaspace       used 87821K, capacity 92074K, committed 92328K, reserved 1128448K
  class space    used 11838K, capacity 12710K, committed 12720K, reserved 1048576K
}
Event: 365.668 GC heap before
{Heap before GC invocations=22 (full 4):
 PSYoungGen      total 370688K, used 340443K [0x00000000d5580000, 0x00000000f1a80000, 0x0000000100000000)
  eden space 325632K, 100% used [0x00000000d5580000,0x00000000e9380000,0x00000000e9380000)
  from space 45056K, 32% used [0x00000000e9380000,0x00000000ea1f6ed0,0x00000000ebf80000)
  to   space 42496K, 0% used [0x00000000ef100000,0x00000000ef100000,0x00000000f1a80000)
 ParOldGen       total 174080K, used 95099K [0x0000000080000000, 0x000000008aa00000, 0x00000000d5580000)
  object space 174080K, 54% used [0x0000000080000000,0x0000000085cdee88,0x000000008aa00000)
 Metaspace       used 88454K, capacity 92998K, committed 93224K, reserved 1130496K
  class space    used 11879K, capacity 12786K, committed 12848K, reserved 1048576K
Event: 365.701 GC heap after
Heap after GC invocations=22 (full 4):
 PSYoungGen      total 399872K, used 13739K [0x00000000d5580000, 0x00000000f0e00000, 0x0000000100000000)
  eden space 370176K, 0% used [0x00000000d5580000,0x00000000d5580000,0x00000000ebf00000)
  from space 29696K, 46% used [0x00000000ef100000,0x00000000efe6aec0,0x00000000f0e00000)
  to   space 40448K, 0% used [0x00000000ebf00000,0x00000000ebf00000,0x00000000ee680000)
 ParOldGen       total 174080K, used 95107K [0x0000000080000000, 0x000000008aa00000, 0x00000000d5580000)
  object space 174080K, 54% used [0x0000000080000000,0x0000000085ce0e88,0x000000008aa00000)
 Metaspace       used 88454K, capacity 92998K, committed 93224K, reserved 1130496K
  class space    used 11879K, capacity 12786K, committed 12848K, reserved 1048576K
}
Event: 399.121 GC heap before
{Heap before GC invocations=23 (full 4):
 PSYoungGen      total 399872K, used 383915K [0x00000000d5580000, 0x00000000f0e00000, 0x0000000100000000)
  eden space 370176K, 100% used [0x00000000d5580000,0x00000000ebf00000,0x00000000ebf00000)
  from space 29696K, 46% used [0x00000000ef100000,0x00000000efe6aec0,0x00000000f0e00000)
  to   space 40448K, 0% used [0x00000000ebf00000,0x00000000ebf00000,0x00000000ee680000)
 ParOldGen       total 174080K, used 95107K [0x0000000080000000, 0x000000008aa00000, 0x00000000d5580000)
  object space 174080K, 54% used [0x0000000080000000,0x0000000085ce0e88,0x000000008aa00000)
 Metaspace       used 89024K, capacity 93758K, committed 93992K, reserved 1130496K
  class space    used 11912K, capacity 12844K, committed 12848K, reserved 1048576K
Event: 399.170 GC heap after
Heap after GC invocations=23 (full 4):
 PSYoungGen      total 410624K, used 23662K [0x00000000d5580000, 0x00000000f3880000, 0x0000000100000000)
  eden space 370176K, 0% used [0x00000000d5580000,0x00000000d5580000,0x00000000ebf00000)
  from space 40448K, 58% used [0x00000000ebf00000,0x00000000ed61b940,0x00000000ee680000)
  to   space 40960K, 0% used [0x00000000f1080000,0x00000000f1080000,0x00000000f3880000)
 ParOldGen       total 174080K, used 95115K [0x0000000080000000, 0x000000008aa00000, 0x00000000d5580000)
  object space 174080K, 54% used [0x0000000080000000,0x0000000085ce2e88,0x000000008aa00000)
 Metaspace       used 89024K, capacity 93758K, committed 93992K, reserved 1130496K
  class space    used 11912K, capacity 12844K, committed 12848K, reserved 1048576K
}
Event: 522.955 GC heap before
{Heap before GC invocations=24 (full 4):
 PSYoungGen      total 410624K, used 393838K [0x00000000d5580000, 0x00000000f3880000, 0x0000000100000000)
  eden space 370176K, 100% used [0x00000000d5580000,0x00000000ebf00000,0x00000000ebf00000)
  from space 40448K, 58% used [0x00000000ebf00000,0x00000000ed61b940,0x00000000ee680000)
  to   space 40960K, 0% used [0x00000000f1080000,0x00000000f1080000,0x00000000f3880000)
 ParOldGen       total 174080K, used 95115K [0x0000000080000000, 0x000000008aa00000, 0x00000000d5580000)
  object space 174080K, 54% used [0x0000000080000000,0x0000000085ce2e88,0x000000008aa00000)
 Metaspace       used 89846K, capacity 94868K, committed 95144K, reserved 1132544K
  class space    used 11972K, capacity 12953K, committed 12976K, reserved 1048576K
Event: 523.029 GC heap after
Heap after GC invocations=24 (full 4):
 PSYoungGen      total 435200K, used 19047K [0x00000000d5580000, 0x00000000f2e00000, 0x0000000100000000)
  eden space 404992K, 0% used [0x00000000d5580000,0x00000000d5580000,0x00000000ee100000)
  from space 30208K, 63% used [0x00000000f1080000,0x00000000f2319fd0,0x00000000f2e00000)
  to   space 39424K, 0% used [0x00000000ee100000,0x00000000ee100000,0x00000000f0780000)
 ParOldGen       total 174080K, used 95123K [0x0000000080000000, 0x000000008aa00000, 0x00000000d5580000)
  object space 174080K, 54% used [0x0000000080000000,0x0000000085ce4e88,0x000000008aa00000)
 Metaspace       used 89846K, capacity 94868K, committed 95144K, reserved 1132544K
  class space    used 11972K, capacity 12953K, committed 12976K, reserved 1048576K
}
Event: 1885.458 GC heap before
{Heap before GC invocations=25 (full 4):
 PSYoungGen      total 435200K, used 424039K [0x00000000d5580000, 0x00000000f2e00000, 0x0000000100000000)
  eden space 404992K, 100% used [0x00000000d5580000,0x00000000ee100000,0x00000000ee100000)
  from space 30208K, 63% used [0x00000000f1080000,0x00000000f2319fd0,0x00000000f2e00000)
  to   space 39424K, 0% used [0x00000000ee100000,0x00000000ee100000,0x00000000f0780000)
 ParOldGen       total 174080K, used 95123K [0x0000000080000000, 0x000000008aa00000, 0x00000000d5580000)
  object space 174080K, 54% used [0x0000000080000000,0x0000000085ce4e88,0x000000008aa00000)
 Metaspace       used 90879K, capacity 96894K, committed 97064K, reserved 1132544K
  class space    used 12136K, capacity 13241K, committed 13360K, reserved 1048576K
Event: 1887.622 GC heap after
Heap after GC invocations=25 (full 4):
 PSYoungGen      total 444416K, used 9979K [0x00000000d5580000, 0x00000000f4b00000, 0x0000000100000000)
  eden space 404992K, 0% used [0x00000000d5580000,0x00000000d5580000,0x00000000ee100000)
  from space 39424K, 25% used [0x00000000ee100000,0x00000000eeabeee0,0x00000000f0780000)
  to   space 38400K, 0% used [0x00000000f2580000,0x00000000f2580000,0x00000000f4b00000)
 ParOldGen       total 174080K, used 95131K [0x0000000080000000, 0x000000008aa00000, 0x00000000d5580000)
  object space 174080K, 54% used [0x0000000080000000,0x0000000085ce6e88,0x000000008aa00000)
 Metaspace       used 90879K, capacity 96894K, committed 97064K, reserved 1132544K
  class space    used 12136K, capacity 13241K, committed 13360K, reserved 1048576K
}

